nohup: ignoring input
(node:5863) DeprecationWarning: current URL string parser is deprecated, and will be removed in a future version. To use the new parser, pass option { useNewUrlParser: true } to MongoClient.connect.
(node:5863) DeprecationWarning: current Server Discovery and Monitoring engine is deprecated, and will be removed in a future version. To use the new Server Discover and Monitoring engine, pass option { useUnifiedTopology: true } to the MongoClient constructor.
(node:5863) DeprecationWarning: collection.ensureIndex is deprecated. Use createIndexes instead.
Service 3 app listening on port 20555!
Success => {"access_token":"cd0b54f0655c2fc8741f9909b4c278e81e0354ec","client_id":"K2Pni9OvR7FqD4vB4AIPaqi6UqyOvntB","user_id":"1606917696","expires":1583313774000,"scope":null}
MongoError: E11000 duplicate key error collection: node-mongodb.users index: name_1 dup key: { : "kevin" }
    at Function.create (/root/assignment-law-week-2/node_modules/mongodb/lib/core/error.js:43:12)
    at toError (/root/assignment-law-week-2/node_modules/mongodb/lib/utils.js:149:22)
    at /root/assignment-law-week-2/node_modules/mongodb/lib/operations/common_functions.js:265:39
    at /root/assignment-law-week-2/node_modules/mongodb/lib/core/connection/pool.js:404:18
    at processTicksAndRejections (internal/process/task_queues.js:76:11)
Success => {"access_token":"cd0b54f0655c2fc8741f9909b4c278e81e0354ec","client_id":"K2Pni9OvR7FqD4vB4AIPaqi6UqyOvntB","user_id":"1606917696","expires":1583313774000,"scope":null}
Success => {"access_token":"cd0b54f0655c2fc8741f9909b4c278e81e0354ec","client_id":"K2Pni9OvR7FqD4vB4AIPaqi6UqyOvntB","user_id":"1606917696","expires":1583313774000,"scope":null}
Success => {"access_token":"cd0b54f0655c2fc8741f9909b4c278e81e0354ec","client_id":"K2Pni9OvR7FqD4vB4AIPaqi6UqyOvntB","user_id":"1606917696","expires":1583313774000,"scope":null}
Success => {"access_token":"a6bae3f413f937f4f8cae7c5e425de9be1f1b912","client_id":"K2Pni9OvR7FqD4vB4AIPaqi6UqyOvntB","user_id":"1606917696","expires":1583317501000,"scope":null}
MongoError: E11000 duplicate key error collection: node-mongodb.users index: name_1 dup key: { : "prakasa" }
    at Function.create (/root/assignment-law-week-2/node_modules/mongodb/lib/core/error.js:43:12)
    at toError (/root/assignment-law-week-2/node_modules/mongodb/lib/utils.js:149:22)
    at /root/assignment-law-week-2/node_modules/mongodb/lib/operations/common_functions.js:265:39
    at /root/assignment-law-week-2/node_modules/mongodb/lib/core/connection/pool.js:404:18
    at processTicksAndRejections (internal/process/task_queues.js:76:11)
Success => {"access_token":"a6bae3f413f937f4f8cae7c5e425de9be1f1b912","client_id":"K2Pni9OvR7FqD4vB4AIPaqi6UqyOvntB","user_id":"1606917696","expires":1583317501000,"scope":null}
Success => {"access_token":"a6bae3f413f937f4f8cae7c5e425de9be1f1b912","client_id":"K2Pni9OvR7FqD4vB4AIPaqi6UqyOvntB","user_id":"1606917696","expires":1583317501000,"scope":null}
ValidationError: user validation failed: age: Cast to Number failed for value "haha" at path "age"
    at new ValidationError (/root/assignment-law-week-2/node_modules/mongoose/lib/error/validation.js:31:11)
    at model.Document.invalidate (/root/assignment-law-week-2/node_modules/mongoose/lib/document.js:2554:32)
    at model.$set (/root/assignment-law-week-2/node_modules/mongoose/lib/document.js:1235:12)
    at model._handleIndex (/root/assignment-law-week-2/node_modules/mongoose/lib/document.js:970:14)
    at model.$set (/root/assignment-law-week-2/node_modules/mongoose/lib/document.js:912:22)
    at model.Document (/root/assignment-law-week-2/node_modules/mongoose/lib/document.js:138:12)
    at model.Model (/root/assignment-law-week-2/node_modules/mongoose/lib/model.js:104:12)
    at new model (/root/assignment-law-week-2/node_modules/mongoose/lib/model.js:4649:15)
    at /root/assignment-law-week-2/node_modules/mongoose/lib/model.js:3092:22
    at /root/assignment-law-week-2/node_modules/mongoose/lib/model.js:3128:7
    at Array.forEach (<anonymous>)
    at /root/assignment-law-week-2/node_modules/mongoose/lib/model.js:3127:15
    at /root/assignment-law-week-2/node_modules/mongoose/lib/helpers/promiseOrCallback.js:31:5
    at new Promise (<anonymous>)
    at promiseOrCallback (/root/assignment-law-week-2/node_modules/mongoose/lib/helpers/promiseOrCallback.js:30:10)
    at Function.create (/root/assignment-law-week-2/node_modules/mongoose/lib/model.js:3062:10)
    at /root/assignment-law-week-2/service3.js:42:16
    at runMicrotasks (<anonymous>)
    at processTicksAndRejections (internal/process/task_queues.js:94:5)
Success => {"access_token":"a6bae3f413f937f4f8cae7c5e425de9be1f1b912","client_id":"K2Pni9OvR7FqD4vB4AIPaqi6UqyOvntB","user_id":"1606917696","expires":1583317501000,"scope":null}
Success => {"access_token":"a6bae3f413f937f4f8cae7c5e425de9be1f1b912","client_id":"K2Pni9OvR7FqD4vB4AIPaqi6UqyOvntB","user_id":"1606917696","expires":1583317501000,"scope":null}
Success => {"access_token":"a6bae3f413f937f4f8cae7c5e425de9be1f1b912","client_id":"K2Pni9OvR7FqD4vB4AIPaqi6UqyOvntB","user_id":"1606917696","expires":1583317501000,"scope":null}
Success => {"access_token":"a6bae3f413f937f4f8cae7c5e425de9be1f1b912","client_id":"K2Pni9OvR7FqD4vB4AIPaqi6UqyOvntB","user_id":"1606917696","expires":1583317501000,"scope":null}
CastError: Cast to ObjectId failed for value "{ _id: '5e5f67e1e8485516cd0609b' }" at path "_id" for model "user"
    at new CastError (/root/assignment-law-week-2/node_modules/mongoose/lib/error/cast.js:39:11)
    at ObjectId.cast (/root/assignment-law-week-2/node_modules/mongoose/lib/schema/objectid.js:269:11)
    at ObjectId.SchemaType.applySetters (/root/assignment-law-week-2/node_modules/mongoose/lib/schematype.js:1010:12)
    at ObjectId.SchemaType._castForQuery (/root/assignment-law-week-2/node_modules/mongoose/lib/schematype.js:1424:15)
    at ObjectId.SchemaType.castForQuery (/root/assignment-law-week-2/node_modules/mongoose/lib/schematype.js:1414:15)
    at ObjectId.SchemaType.castForQueryWrapper (/root/assignment-law-week-2/node_modules/mongoose/lib/schematype.js:1393:15)
    at cast (/root/assignment-law-week-2/node_modules/mongoose/lib/cast.js:260:34)
    at model.Query.Query.cast (/root/assignment-law-week-2/node_modules/mongoose/lib/query.js:4685:12)
    at model.Query.Query._castConditions (/root/assignment-law-week-2/node_modules/mongoose/lib/query.js:1862:10)
    at model.Query.<anonymous> (/root/assignment-law-week-2/node_modules/mongoose/lib/query.js:2117:8)
    at model.Query._wrappedThunk [as _findOne] (/root/assignment-law-week-2/node_modules/mongoose/lib/helpers/query/wrapThunk.js:16:8)
    at /root/assignment-law-week-2/node_modules/kareem/index.js:369:33
    at processTicksAndRejections (internal/process/task_queues.js:76:11)
Success => {"access_token":"a6bae3f413f937f4f8cae7c5e425de9be1f1b912","client_id":"K2Pni9OvR7FqD4vB4AIPaqi6UqyOvntB","user_id":"1606917696","expires":1583317501000,"scope":null}
